<?xml version="1.0" encoding="UTF-8"?>
<testng-results ignored="0" total="1" passed="1" failed="0" skipped="0">
  <reporter-output>
  </reporter-output>
  <suite started-at="2025-08-11T09:45:05 IST" name="Suite" finished-at="2025-08-11T09:45:12 IST" duration-ms="7287">
    <groups>
      <group name="cucumber">
        <method signature="AbstractTestNGCucumberTests.runScenario(io.cucumber.testng.PickleWrapper,io.cucumber.testng.FeatureWrapper)[pri:0, instance:runners.TestRunner@5af3afd9]" name="runScenario" class="io.cucumber.testng.AbstractTestNGCucumberTests"/>
      </group> <!-- cucumber -->
    </groups>
    <test started-at="2025-08-11T09:45:05 IST" name="Test" finished-at="2025-08-11T09:45:12 IST" duration-ms="7287">
      <class name="runners.TestRunner">
        <test-method is-config="true" signature="setUpClass(org.testng.ITestContext)[pri:0, instance:runners.TestRunner@5af3afd9]" started-at="2025-08-11T09:45:05 IST" name="setUpClass" finished-at="2025-08-11T09:45:06 IST" duration-ms="856" status="PASS">
          <params>
            <param index="0">
              <value>
                <![CDATA[org.testng.TestRunner@c6e0f32]]>
              </value>
            </param>
          </params>
          <reporter-output>
          </reporter-output>
        </test-method> <!-- setUpClass -->
        <test-method signature="runScenario(io.cucumber.testng.PickleWrapper,io.cucumber.testng.FeatureWrapper)[pri:0, instance:runners.TestRunner@5af3afd9]" started-at="2025-08-11T09:45:06 IST" name="runScenario" description="Runs Cucumber Scenarios" data-provider="scenarios" finished-at="2025-08-11T09:45:12 IST" duration-ms="6270" status="PASS">
          <params>
            <param index="0">
              <value>
                <![CDATA["login with correct username and correct password"]]>
              </value>
            </param>
            <param index="1">
              <value>
                <![CDATA["Testing login functionlity"]]>
              </value>
            </param>
          </params>
          <reporter-output>
          </reporter-output>
        </test-method> <!-- runScenario -->
        <test-method is-config="true" signature="tearDownClass()[pri:0, instance:runners.TestRunner@5af3afd9]" started-at="2025-08-11T09:45:12 IST" name="tearDownClass" finished-at="2025-08-11T09:45:12 IST" duration-ms="91" status="PASS">
          <reporter-output>
          </reporter-output>
        </test-method> <!-- tearDownClass -->
      </class> <!-- runners.TestRunner -->
    </test> <!-- Test -->
  </suite> <!-- Suite -->
</testng-results>
